2026-05-14T04:46:56.790Z [INFO]: server is starting
2026-05-14T04:48:28.431Z [INFO]: server is starting
2026-05-14T04:52:58.986Z [INFO]: server is starting
2026-05-14T05:11:13.865Z [INFO]: db url from the config
2026-05-14T05:12:31.972Z [INFO]: db url from the config
2026-05-14T05:15:29.503Z [INFO]: db url from the config
2026-05-14T05:16:45.348Z [INFO]: db url from the config
2026-05-14T05:18:18.617Z [INFO]: db url from the config
2026-05-14T05:18:25.292Z [INFO]: db url from the config
2026-05-14T05:18:32.591Z [INFO]: db url from the config
2026-05-14T05:18:55.145Z [INFO]: db url from the config
2026-05-14T06:18:42.143Z [INFO]: server is starting
2026-05-14T06:23:18.238Z [INFO]: server is starting
2026-05-14T06:23:20.604Z [INFO]: server is starting
2026-05-14T06:23:21.606Z [INFO]: server is starting
2026-05-14T06:30:46.569Z [INFO]: Server is starting
2026-05-14T06:30:55.919Z [INFO]: Server is starting
2026-05-14T06:32:13.476Z [INFO]: Server is starting
2026-05-14T06:32:15.392Z [INFO]: Server is starting
2026-05-14T06:33:01.356Z [INFO]: Server is starting
2026-05-14T06:33:29.504Z [INFO]: Server is starting
2026-05-14T06:33:38.987Z [INFO]: Server is starting
2026-05-14T06:33:46.174Z [INFO]: Server is starting
2026-05-14T06:34:24.509Z [INFO]: Starting database seed...
2026-05-14T06:34:24.785Z [ERROR]: error: column "employee_code" of relation "users" does not exist
    at C:\Users\aryan\Desktop\DIFM-Attendance-App\backend\node_modules\pg-pool\index.js:45:11
    at process.processTicksAndRejections (node:internal/process/task_queues:95:5)
    at async main (file:///C:/Users/aryan/Desktop/DIFM-Attendance-App/backend/scripts/createTestUsers.js:24:9)
2026-05-14T06:49:17.519Z [INFO]: Starting database seed...
2026-05-14T06:49:17.790Z [INFO]: Super admin created
2026-05-14T06:49:17.791Z [INFO]: Email : admin@difm.com
2026-05-14T06:49:17.791Z [INFO]: Password : Admin@1234
2026-05-14T06:49:18.023Z [INFO]: Intern user created
2026-05-14T06:49:18.024Z [INFO]: Email : intern@difm.com
2026-05-14T06:49:18.024Z [INFO]: Temporary Password : Intern@123
2026-05-14T06:49:18.253Z [INFO]: HR user created
2026-05-14T06:49:18.253Z [INFO]: Email : hr@difm.com
2026-05-14T06:49:18.253Z [INFO]: Password : HR@1234
2026-05-14T06:49:18.255Z [INFO]: Shift created : Day Shift
2026-05-14T06:49:18.256Z [INFO]: Shift created : Evening Shift
2026-05-14T06:49:18.256Z [INFO]: Shift created : Night Shift
2026-05-14T06:50:26.561Z [INFO]: Server is starting
2026-05-14T07:26:38.989Z [INFO]: Server is starting
2026-05-14T07:28:34.395Z [INFO]: Server is starting
2026-05-14T07:28:50.024Z [INFO]: Server is starting
2026-05-14T07:29:13.291Z [INFO]: Server is starting
2026-05-14T07:29:40.058Z [INFO]: Server is starting
2026-05-14T07:29:43.031Z [INFO]: Server is starting
2026-05-14T07:29:52.559Z [INFO]: Server is starting
2026-05-14T07:29:53.740Z [INFO]: Server is starting
2026-05-14T07:29:58.659Z [INFO]: Server is starting
2026-05-14T07:30:01.275Z [INFO]: Server is starting
2026-05-14T07:31:00.829Z [INFO]: Server is starting
2026-05-14T07:31:10.499Z [INFO]: Server is starting
2026-05-14T07:31:15.117Z [INFO]: Server is starting
2026-05-14T07:31:18.448Z [INFO]: Server is starting
2026-05-14T07:31:25.858Z [INFO]: Server is starting
2026-05-14T07:32:45.930Z [INFO]: Login attempt for email: intern@difm.com from IP
2026-05-14T07:32:59.805Z [INFO]: Login attempt for email: interdifm.com from IP
2026-05-14T07:33:18.679Z [INFO]: Server is starting
2026-05-14T07:33:24.665Z [INFO]: Login attempt for email: interdifm.com from IP
2026-05-14T07:33:34.561Z [INFO]: Server is starting
2026-05-14T07:33:34.866Z [INFO]: Server is starting
2026-05-14T07:33:45.669Z [INFO]: Server is starting
2026-05-14T07:33:51.709Z [INFO]: Login attempt for email: interdifm.com from IP
2026-05-14T07:34:33.463Z [INFO]: Server is starting
2026-05-14T07:34:35.373Z [INFO]: Server is starting
2026-05-14T07:34:42.637Z [INFO]: Login attempt for email: interdifm.com
2026-05-14T07:36:55.095Z [INFO]: auth service loaded 
2026-05-14T07:36:55.133Z [INFO]: Server is starting
2026-05-14T07:37:02.630Z [INFO]: auth service loaded successful
2026-05-14T07:37:02.668Z [INFO]: Server is starting
2026-05-14T07:37:04.144Z [INFO]: auth service loaded successfully
2026-05-14T07:37:04.183Z [INFO]: Server is starting
2026-05-14T07:37:12.785Z [INFO]: auth service loaded successfully
2026-05-14T07:37:12.822Z [INFO]: Server is starting
2026-05-14T07:37:19.534Z [INFO]: Login attempt for email: interdifm.com
2026-05-14T07:39:32.161Z [INFO]: auth service loaded successfully
2026-05-14T07:39:32.198Z [INFO]: Server is starting
2026-05-14T07:39:35.156Z [INFO]: auth service loaded successfully
2026-05-14T07:39:35.194Z [INFO]: Server is starting
2026-05-14T07:39:42.594Z [INFO]: auth service loaded successfully
2026-05-14T07:39:42.736Z [INFO]: Server is starting
2026-05-14T07:40:12.223Z [INFO]: auth service loaded successfully
2026-05-14T07:40:12.284Z [INFO]: Server is starting
2026-05-14T07:42:00.923Z [INFO]: auth service loaded successfully
2026-05-14T07:42:00.961Z [INFO]: Server is starting
2026-05-14T07:42:03.632Z [INFO]: auth service loaded successfully
2026-05-14T07:42:03.675Z [INFO]: Server is starting
2026-05-14T07:42:06.969Z [INFO]: auth service loaded successfully
2026-05-14T07:42:07.013Z [INFO]: Server is starting
2026-05-14T07:42:17.772Z [INFO]: auth service loaded successfully
2026-05-14T07:42:17.911Z [INFO]: Server is starting
2026-05-14T07:42:21.086Z [INFO]: auth service loaded successfully
2026-05-14T07:42:21.122Z [INFO]: Server is starting
2026-05-14T07:42:22.876Z [INFO]: auth service loaded successfully
2026-05-14T07:42:22.914Z [INFO]: Server is starting
2026-05-14T07:42:28.231Z [INFO]: auth service loaded successfully
2026-05-14T07:42:28.269Z [INFO]: Server is starting
2026-05-14T07:42:39.452Z [INFO]: Login attempt for email: interdifm.com
2026-05-14T07:42:55.567Z [INFO]: auth service loaded successfully
2026-05-14T07:42:55.612Z [INFO]: Server is starting
2026-05-14T07:42:55.999Z [INFO]: auth service loaded successfully
2026-05-14T07:42:56.039Z [INFO]: Server is starting
2026-05-14T07:43:05.626Z [INFO]: auth service loaded successfully
2026-05-14T07:43:05.663Z [INFO]: Server is starting
2026-05-14T07:43:11.770Z [INFO]: Login attempt for email: interdifm.com
2026-05-14T07:43:59.011Z [INFO]: auth service loaded successfully
2026-05-14T07:43:59.052Z [INFO]: Server is starting
2026-05-14T07:44:00.938Z [INFO]: auth service loaded successfully
2026-05-14T07:44:00.976Z [INFO]: Server is starting
2026-05-14T07:44:02.188Z [INFO]: auth service loaded successfully
2026-05-14T07:44:02.226Z [INFO]: Server is starting
2026-05-14T07:44:09.241Z [INFO]: Login attempt for email: interdifm.com
2026-05-14T07:44:21.449Z [INFO]: auth service loaded successfully
2026-05-14T07:44:21.597Z [INFO]: Server is starting
2026-05-14T07:44:24.761Z [INFO]: Login attempt for email: interdifm.com
2026-05-14T07:46:48.915Z [INFO]: auth service loaded successfully
2026-05-14T07:46:48.953Z [INFO]: Server is starting
2026-05-14T07:46:50.967Z [INFO]: Login attempt for email: interdifm.com
2026-05-14T07:47:08.573Z [INFO]: Login attempt for email: interndifm.com
2026-05-14T07:47:09.655Z [INFO]: Login attempt for email: interndifm.com
2026-05-14T07:47:10.149Z [INFO]: Login attempt for email: interndifm.com
2026-05-14T07:47:10.317Z [INFO]: Login attempt for email: interndifm.com
2026-05-14T07:47:10.501Z [INFO]: Login attempt for email: interndifm.com
2026-05-14T07:47:10.766Z [INFO]: Login attempt for email: interndifm.com
2026-05-14T07:47:16.224Z [INFO]: Login attempt for email: intern@difm.com
2026-05-14T07:47:18.047Z [INFO]: Login attempt for email: intern@difm.com
2026-05-14T07:47:18.278Z [INFO]: Login attempt for email: intern@difm.com
2026-05-14T07:47:18.453Z [INFO]: Login attempt for email: intern@difm.com
2026-05-14T07:47:56.676Z [INFO]: Login attempt for email: intern@difm.com
2026-05-14T07:47:57.334Z [INFO]: Login attempt for email: intern@difm.com
2026-05-14T07:47:57.519Z [INFO]: Login attempt for email: intern@difm.com
2026-05-14T07:47:57.693Z [INFO]: Login attempt for email: intern@difm.com
2026-05-14T07:48:12.410Z [INFO]: auth service loaded successfully
2026-05-14T07:48:12.450Z [INFO]: Server is starting
2026-05-14T07:48:21.351Z [INFO]: auth service loaded successfully
2026-05-14T07:48:21.387Z [INFO]: Server is starting
2026-05-14T07:53:15.777Z [INFO]: Login attempt for email: intern@difm.com
2026-05-14T08:02:14.794Z [INFO]: auth service loaded successfully
2026-05-14T08:02:14.942Z [INFO]: Server is starting
2026-05-14T08:02:16.927Z [INFO]: auth service loaded successfully
2026-05-14T08:02:16.966Z [INFO]: Server is starting
2026-05-14T08:02:23.215Z [INFO]: Login attempt for email: intern@difm.com
2026-05-14T08:02:24.164Z [INFO]: Login attempt for email: intern@difm.com
2026-05-14T08:02:24.323Z [INFO]: Login attempt for email: intern@difm.com
2026-05-14T08:03:46.773Z [INFO]: Login attempt for email: intern@difm.com
2026-05-14T08:04:26.340Z [INFO]: Login attempt for email: intern@difm.com
2026-05-14T08:05:01.236Z [INFO]: auth service loaded successfully
2026-05-14T08:05:01.274Z [INFO]: Server is starting
2026-05-14T08:05:08.939Z [INFO]: Login attempt for email: intern@difm.com
2026-05-14T08:05:29.099Z [INFO]: Login attempt for email: intedifm.com
2026-05-14T08:06:46.674Z [INFO]: auth service loaded successfully
2026-05-14T08:06:46.715Z [INFO]: Server is starting
2026-05-14T08:06:54.442Z [INFO]: auth service loaded successfully
2026-05-14T08:06:54.591Z [INFO]: Server is starting
2026-05-14T08:06:59.532Z [INFO]: auth service loaded successfully
2026-05-14T08:06:59.575Z [INFO]: Server is starting
2026-05-14T08:07:03.559Z [INFO]: auth service loaded successfully
2026-05-14T08:07:03.596Z [INFO]: Server is starting
2026-05-14T08:07:05.954Z [INFO]: auth service loaded successfully
2026-05-14T08:07:06.096Z [INFO]: Server is starting
2026-05-14T08:07:09.913Z [INFO]: auth service loaded successfully
2026-05-14T08:07:10.066Z [INFO]: Server is starting
2026-05-14T08:07:13.716Z [INFO]: auth service loaded successfully
2026-05-14T08:07:13.753Z [INFO]: Server is starting
2026-05-14T08:07:23.102Z [INFO]: auth service loaded successfully
2026-05-14T08:07:23.139Z [INFO]: Server is starting
2026-05-14T08:07:28.477Z [INFO]: auth service loaded successfully
2026-05-14T08:07:28.514Z [INFO]: Server is starting
2026-05-14T08:07:30.409Z [INFO]: auth service loaded successfully
2026-05-14T08:07:30.557Z [INFO]: Server is starting
2026-05-14T08:07:35.858Z [INFO]: Login attempt for email: intedifm.com
2026-05-14T08:09:44.656Z [INFO]: auth service loaded successfully
2026-05-14T08:09:44.694Z [INFO]: Server is starting
2026-05-14T08:09:56.492Z [INFO]: auth service loaded successfully
2026-05-14T08:09:56.762Z [INFO]: Server is starting
2026-05-14T08:09:59.156Z [INFO]: auth service loaded successfully
2026-05-14T08:09:59.423Z [INFO]: Server is starting
2026-05-14T08:10:50.714Z [INFO]: auth service loaded successfully
2026-05-14T08:10:50.751Z [INFO]: Server is starting
2026-05-14T08:11:10.803Z [INFO]: Login attempt for email: intedifm.com
2026-05-14T08:11:29.633Z [INFO]: Login attempt for email: intedifm.com
2026-05-14T08:11:30.475Z [INFO]: Login attempt for email: intedifm.com
2026-05-14T08:12:07.093Z [INFO]: Login attempt for email: intern@difm.com
2026-05-14T08:12:07.338Z [INFO]: refresh token
2026-05-14T08:12:07.338Z [INFO]: access token
2026-05-14T08:12:47.234Z [INFO]: auth service loaded successfully
2026-05-14T08:12:47.270Z [INFO]: Server is starting
2026-05-14T08:12:48.927Z [INFO]: auth service loaded successfully
2026-05-14T08:12:49.076Z [INFO]: Server is starting
2026-05-14T08:12:51.274Z [INFO]: Login attempt for email: intern@difm.com
2026-05-14T08:12:51.513Z [INFO]: refresh token
2026-05-14T08:12:51.514Z [INFO]: access token
2026-05-14T08:13:28.374Z [INFO]: auth service loaded successfully
2026-05-14T08:13:28.412Z [INFO]: Server is starting
2026-05-14T08:13:30.318Z [INFO]: auth service loaded successfully
2026-05-14T08:13:30.356Z [INFO]: Server is starting
2026-05-14T08:13:33.118Z [INFO]: auth service loaded successfully
2026-05-14T08:13:33.158Z [INFO]: Server is starting
2026-05-14T08:13:39.321Z [INFO]: auth service loaded successfully
2026-05-14T08:13:39.361Z [INFO]: Server is starting
2026-05-14T08:13:44.494Z [INFO]: Login attempt for email: intern@difm.com
2026-05-14T08:13:44.732Z [INFO]: refresh token: eyJhbGciOiJIUzI1NiIsInR5cCI6IkpXVCJ9.eyJpYXQiOjE3Nzg3NDY0MjQsImV4cCI6MTc3OTM1MTIyNH0.EQqHzNxJJbQ3dU2xj4Wgy4CZIfw2T7hzeaPNPuWUuEA
2026-05-14T08:13:44.732Z [INFO]: access token: eyJhbGciOiJIUzI1NiIsInR5cCI6IkpXVCJ9.eyJyb2xlIjoiSU5URVJOIiwiaWF0IjoxNzc4NzQ2NDI0LCJleHAiOjE3Nzg3NDczMjR9.Wey5nuDHr4d2a11JuK8X3TDVYJ23zkGBLVP5kBlhyMY
2026-05-14T08:14:13.129Z [INFO]: auth service loaded successfully
2026-05-14T08:14:13.166Z [INFO]: Server is starting
2026-05-14T08:14:15.266Z [INFO]: auth service loaded successfully
2026-05-14T08:14:15.408Z [INFO]: Server is starting
2026-05-14T08:14:24.781Z [INFO]: auth service loaded successfully
2026-05-14T08:14:24.819Z [INFO]: Server is starting
2026-05-14T08:14:30.435Z [INFO]: auth service loaded successfully
2026-05-14T08:14:30.472Z [INFO]: Server is starting
2026-05-14T08:14:31.841Z [INFO]: auth service loaded successfully
2026-05-14T08:14:31.878Z [INFO]: Server is starting
2026-05-14T08:18:47.732Z [INFO]: auth service loaded successfully
2026-05-14T08:18:47.772Z [INFO]: Server is starting
2026-05-14T08:28:25.442Z [INFO]: auth service loaded successfully
2026-05-14T08:28:25.481Z [INFO]: Server is starting
2026-05-14T08:28:26.823Z [INFO]: auth service loaded successfully
2026-05-14T08:28:26.861Z [INFO]: Server is starting
2026-05-14T08:28:41.704Z [INFO]: auth service loaded successfully
2026-05-14T08:28:41.741Z [INFO]: Server is starting
2026-05-14T08:28:47.537Z [INFO]: auth service loaded successfully
2026-05-14T08:28:47.579Z [INFO]: Server is starting
2026-05-14T08:28:48.841Z [INFO]: auth service loaded successfully
2026-05-14T08:28:48.877Z [INFO]: Server is starting
2026-05-14T08:29:07.277Z [INFO]: auth service loaded successfully
2026-05-14T08:29:07.322Z [INFO]: Server is starting
2026-05-14T09:02:11.060Z [INFO]: auth service loaded successfully
2026-05-14T09:02:11.099Z [INFO]: Server is starting
2026-05-14T09:03:24.328Z [INFO]: auth service loaded successfully
2026-05-14T09:03:24.386Z [INFO]: Server is starting
2026-05-14T09:03:37.469Z [INFO]: auth service loaded successfully
2026-05-14T09:03:37.507Z [INFO]: Server is starting
2026-05-14T09:03:38.548Z [INFO]: auth service loaded successfully
2026-05-14T09:03:38.589Z [INFO]: Server is starting
2026-05-14T09:03:42.515Z [INFO]: auth service loaded successfully
2026-05-14T09:03:42.555Z [INFO]: Server is starting
2026-05-14T09:03:47.265Z [INFO]: auth service loaded successfully
2026-05-14T09:03:47.306Z [INFO]: Server is starting
2026-05-14T09:06:22.107Z [INFO]: auth service loaded successfully
2026-05-14T09:06:22.146Z [INFO]: Server is starting
2026-05-14T09:06:39.343Z [INFO]: auth service loaded successfully
2026-05-14T09:06:39.383Z [INFO]: Server is starting
2026-05-14T09:06:41.186Z [INFO]: auth service loaded successfully
2026-05-14T09:06:41.226Z [INFO]: Server is starting
2026-05-14T09:08:09.268Z [INFO]: auth service loaded successfully
2026-05-14T09:08:09.308Z [INFO]: Server is starting
2026-05-14T09:08:11.049Z [INFO]: auth service loaded successfully
2026-05-14T09:08:11.089Z [INFO]: Server is starting
2026-05-14T09:08:16.157Z [INFO]: auth service loaded successfully
2026-05-14T09:08:16.198Z [INFO]: Server is starting
2026-05-14T09:08:19.459Z [INFO]: auth service loaded successfully
2026-05-14T09:08:19.605Z [INFO]: Server is starting
2026-05-14T09:08:21.681Z [INFO]: auth service loaded successfully
2026-05-14T09:08:21.723Z [INFO]: Server is starting
2026-05-14T09:08:38.698Z [INFO]: auth service loaded successfully
2026-05-14T09:08:38.757Z [INFO]: Server is starting
2026-05-14T09:08:39.981Z [INFO]: auth service loaded successfully
2026-05-14T09:08:40.130Z [INFO]: Server is starting
2026-05-14T09:08:59.798Z [INFO]: auth service loaded successfully
2026-05-14T09:08:59.837Z [INFO]: Server is starting
2026-05-14T09:09:01.562Z [INFO]: auth service loaded successfully
2026-05-14T09:09:01.602Z [INFO]: Server is starting
2026-05-14T09:09:16.895Z [INFO]: auth service loaded successfully
2026-05-14T09:09:16.936Z [INFO]: Server is starting
2026-05-14T09:09:18.232Z [INFO]: auth service loaded successfully
2026-05-14T09:09:18.273Z [INFO]: Server is starting
2026-05-14T09:09:22.765Z [INFO]: auth service loaded successfully
2026-05-14T09:09:22.914Z [INFO]: Server is starting
2026-05-14T09:09:36.051Z [INFO]: auth service loaded successfully
2026-05-14T09:09:36.091Z [INFO]: Server is starting
2026-05-14T09:09:47.899Z [INFO]: auth service loaded successfully
2026-05-14T09:09:48.046Z [INFO]: Server is starting
2026-05-14T09:09:49.499Z [INFO]: auth service loaded successfully
2026-05-14T09:09:49.538Z [INFO]: Server is starting
2026-05-14T09:09:51.709Z [INFO]: auth service loaded successfully
2026-05-14T09:09:51.747Z [INFO]: Server is starting
2026-05-14T09:09:53.229Z [INFO]: auth service loaded successfully
2026-05-14T09:09:53.269Z [INFO]: Server is starting
2026-05-14T09:10:05.926Z [INFO]: auth service loaded successfully
2026-05-14T09:10:05.964Z [INFO]: Server is starting
2026-05-14T09:10:07.409Z [INFO]: auth service loaded successfully
2026-05-14T09:10:07.453Z [INFO]: Server is starting
2026-05-14T09:10:09.681Z [INFO]: auth service loaded successfully
2026-05-14T09:10:09.718Z [INFO]: Server is starting
2026-05-14T09:10:11.475Z [INFO]: auth service loaded successfully
2026-05-14T09:10:11.517Z [INFO]: Server is starting
2026-05-14T09:10:20.012Z [INFO]: auth service loaded successfully
2026-05-14T09:10:20.052Z [INFO]: Server is starting
2026-05-14T09:10:21.336Z [INFO]: auth service loaded successfully
2026-05-14T09:10:21.377Z [INFO]: Server is starting
2026-05-14T09:10:22.574Z [INFO]: auth service loaded successfully
2026-05-14T09:10:22.620Z [INFO]: Server is starting
2026-05-14T09:10:46.731Z [INFO]: Login attempt for email: intern@difm.com
2026-05-14T09:10:46.971Z [INFO]: refresh token: eyJhbGciOiJIUzI1NiIsInR5cCI6IkpXVCJ9.eyJpYXQiOjE3Nzg3NDk4NDYsImV4cCI6MTc3OTM1NDY0Nn0.mIVtNTIDPrUAMhS7L_80ifwmkhud_YRzlUMiTPIlM-E
2026-05-14T09:10:46.972Z [INFO]: access token: eyJhbGciOiJIUzI1NiIsInR5cCI6IkpXVCJ9.eyJyb2xlIjoiSU5URVJOIiwiaWF0IjoxNzc4NzQ5ODQ2LCJleHAiOjE3Nzg3NTA3NDZ9.PbY0d5ohShcl6GgGZJsoLE-N98MHisOBjpVvdnn30FU
2026-05-14T09:11:23.612Z [INFO]: auth service loaded successfully
2026-05-14T09:11:23.656Z [INFO]: Server is starting
2026-05-14T09:11:31.036Z [INFO]: auth service loaded successfully
2026-05-14T09:11:31.074Z [INFO]: Server is starting
2026-05-14T09:11:38.080Z [INFO]: auth service loaded successfully
2026-05-14T09:11:38.119Z [INFO]: Server is starting
2026-05-14T09:11:42.253Z [INFO]: auth service loaded successfully
2026-05-14T09:11:42.291Z [INFO]: Server is starting
2026-05-14T09:11:52.925Z [INFO]: auth service loaded successfully
2026-05-14T09:11:52.964Z [INFO]: Server is starting
2026-05-14T09:12:13.060Z [INFO]: auth service loaded successfully
2026-05-14T09:12:13.100Z [INFO]: Server is starting
2026-05-14T09:12:20.057Z [INFO]: auth service loaded successfully
2026-05-14T09:12:20.202Z [INFO]: Server is starting
2026-05-14T09:12:37.151Z [INFO]: auth service loaded successfully
2026-05-14T09:12:37.189Z [INFO]: Server is starting
2026-05-14T09:12:41.380Z [INFO]: auth service loaded successfully
2026-05-14T09:12:41.531Z [INFO]: Server is starting
2026-05-14T09:12:44.317Z [INFO]: auth service loaded successfully
2026-05-14T09:12:44.358Z [INFO]: Server is starting
2026-05-14T09:13:01.234Z [INFO]: auth service loaded successfully
2026-05-14T09:13:01.379Z [INFO]: Server is starting
2026-05-14T09:13:02.277Z [INFO]: auth service loaded successfully
2026-05-14T09:13:02.316Z [INFO]: Server is starting
2026-05-14T09:13:04.687Z [INFO]: auth service loaded successfully
2026-05-14T09:13:04.725Z [INFO]: Server is starting
2026-05-14T09:13:07.400Z [INFO]: auth service loaded successfully
2026-05-14T09:13:07.440Z [INFO]: Server is starting
2026-05-14T09:13:09.848Z [INFO]: auth service loaded successfully
2026-05-14T09:13:09.887Z [INFO]: Server is starting
2026-05-14T09:13:19.051Z [INFO]: auth service loaded successfully
2026-05-14T09:13:19.090Z [INFO]: Server is starting
2026-05-14T09:13:29.543Z [INFO]: auth service loaded successfully
2026-05-14T09:13:29.582Z [INFO]: Server is starting
2026-05-14T09:14:26.547Z [INFO]: auth service loaded successfully
2026-05-14T09:14:26.590Z [INFO]: Server is starting
2026-05-14T09:14:27.624Z [INFO]: auth service loaded successfully
2026-05-14T09:14:27.664Z [INFO]: Server is starting
2026-05-14T09:17:17.650Z [INFO]: auth service loaded successfully
2026-05-14T09:17:17.688Z [INFO]: Server is starting
2026-05-14T09:17:21.199Z [INFO]: auth service loaded successfully
2026-05-14T09:17:21.238Z [INFO]: Server is starting
2026-05-14T09:17:47.940Z [INFO]: auth service loaded successfully
2026-05-14T09:17:47.977Z [INFO]: Server is starting
2026-05-14T09:17:49.683Z [INFO]: auth service loaded successfully
2026-05-14T09:17:49.722Z [INFO]: Server is starting
2026-05-14T09:18:01.295Z [INFO]: Login attempt for email: intern@difm.com
2026-05-14T09:18:01.539Z [INFO]: refresh token: eyJhbGciOiJIUzI1NiIsInR5cCI6IkpXVCJ9.eyJ1c2VySWQiOiIyNWFjNzllOS00ZDMwLTRiMTgtOTUwMS1iMTM4NTZiNjFmNzAiLCJpYXQiOjE3Nzg3NTAyODEsImV4cCI6MTc3OTM1NTA4MX0.exYsSjuk3S5Lu3F-iN3XERIsAfu2KY7qWZVgcYq3evs
2026-05-14T09:18:01.539Z [INFO]: access token: eyJhbGciOiJIUzI1NiIsInR5cCI6IkpXVCJ9.eyJyb2xlIjoiSU5URVJOIiwiaWF0IjoxNzc4NzUwMjgxLCJleHAiOjE3Nzg3NTExODF9.bg-tBxrZ8QA2djeBD3iGqFsfk6KjcVGqK4faAYo-uCM
2026-05-14T09:19:39.392Z [INFO]: Login attempt for email: intern@difm.com
2026-05-14T09:19:39.631Z [INFO]: refresh token: eyJhbGciOiJIUzI1NiIsInR5cCI6IkpXVCJ9.eyJ1c2VySWQiOiIyNWFjNzllOS00ZDMwLTRiMTgtOTUwMS1iMTM4NTZiNjFmNzAiLCJpYXQiOjE3Nzg3NTAzNzksImV4cCI6MTc3OTM1NTE3OX0.w2SZ8lV57VQsxevfr4oPoStFFndXt78ALYOHai-zVIM
2026-05-14T09:19:39.631Z [INFO]: access token: eyJhbGciOiJIUzI1NiIsInR5cCI6IkpXVCJ9.eyJyb2xlIjoiSU5URVJOIiwiaWF0IjoxNzc4NzUwMzc5LCJleHAiOjE3Nzg3NTEyNzl9.F3itigpuzMfgr47wN1KL_f7w2EwVMGMxsj5uYf2kIqo
2026-05-14T09:20:24.244Z [INFO]: auth service loaded successfully
2026-05-14T09:20:24.283Z [INFO]: Server is starting
2026-05-14T09:23:59.309Z [INFO]: auth service loaded successfully
2026-05-14T09:23:59.349Z [INFO]: Server is starting
2026-05-14T09:24:12.066Z [INFO]: Login attempt for email: intern@difm.com
2026-05-14T09:24:12.306Z [INFO]: refresh token: eyJhbGciOiJIUzI1NiIsInR5cCI6IkpXVCJ9.eyJ1c2VySWQiOiIyNWFjNzllOS00ZDMwLTRiMTgtOTUwMS1iMTM4NTZiNjFmNzAiLCJpYXQiOjE3Nzg3NTA2NTIsImV4cCI6MTc3OTM1NTQ1Mn0.bbJBWUW9oTyIzXzCV3es51GtfCpKbPguw6IH3D94fYw
2026-05-14T09:24:12.306Z [INFO]: access token: eyJhbGciOiJIUzI1NiIsInR5cCI6IkpXVCJ9.eyJyb2xlIjoiSU5URVJOIiwiaWF0IjoxNzc4NzUwNjUyLCJleHAiOjE3Nzg3NTE1NTJ9.r_KbYm2ygN2XVpohUL9yJndyRFmYoAQltvuRpF56ebo
2026-05-14T09:49:07.034Z [INFO]: Login attempt for email: intern@difm.com
2026-05-14T09:49:07.273Z [INFO]: refresh token: eyJhbGciOiJIUzI1NiIsInR5cCI6IkpXVCJ9.eyJ1c2VySWQiOiIyNWFjNzllOS00ZDMwLTRiMTgtOTUwMS1iMTM4NTZiNjFmNzAiLCJpYXQiOjE3Nzg3NTIxNDcsImV4cCI6MTc3OTM1Njk0N30.sC4-Q4ATAAT4fXA7z0SztAqGZ24zTiiPRo0AKvm9xbE
2026-05-14T09:49:07.273Z [INFO]: access token: eyJhbGciOiJIUzI1NiIsInR5cCI6IkpXVCJ9.eyJyb2xlIjoiSU5URVJOIiwiaWF0IjoxNzc4NzUyMTQ3LCJleHAiOjE3Nzg3NTMwNDd9.E9liiA3QBAufmo_gw0I5rYUF95vA7oEWrXf_II6oRHU
2026-05-14T09:56:32.436Z [INFO]: auth service loaded successfully
2026-05-14T09:56:32.595Z [INFO]: Server is starting
2026-05-14T09:56:40.227Z [INFO]: auth service loaded successfully
2026-05-14T09:56:40.367Z [INFO]: Server is starting
2026-05-14T09:56:44.502Z [INFO]: auth service loaded successfully
2026-05-14T09:56:44.657Z [INFO]: Server is starting
2026-05-14T09:56:54.067Z [INFO]: auth service loaded successfully
2026-05-14T09:56:54.107Z [INFO]: Server is starting
2026-05-14T09:57:00.177Z [INFO]: auth service loaded successfully
2026-05-14T09:57:00.215Z [INFO]: Server is starting
2026-05-14T09:57:01.237Z [INFO]: auth service loaded successfully
2026-05-14T09:57:01.394Z [INFO]: Server is starting
2026-05-14T09:57:18.115Z [INFO]: auth service loaded successfully
2026-05-14T09:57:18.156Z [INFO]: Server is starting
2026-05-14T09:57:19.639Z [INFO]: auth service loaded successfully
2026-05-14T09:57:19.678Z [INFO]: Server is starting
2026-05-14T09:58:48.298Z [INFO]: Login attempt for email: intern@difm.com
2026-05-14T09:58:48.545Z [INFO]: refresh token: eyJhbGciOiJIUzI1NiIsInR5cCI6IkpXVCJ9.eyJ1c2VySWQiOiIyNWFjNzllOS00ZDMwLTRiMTgtOTUwMS1iMTM4NTZiNjFmNzAiLCJpYXQiOjE3Nzg3NTI3MjgsImV4cCI6MTc3OTM1NzUyOH0.dcec-jIVRFgu75Ua8hTYANbq5AS2maQL7UTpZT_NTh4
2026-05-14T09:58:48.546Z [INFO]: access token: eyJhbGciOiJIUzI1NiIsInR5cCI6IkpXVCJ9.eyJyb2xlIjoiSU5URVJOIiwiaWF0IjoxNzc4NzUyNzI4LCJleHAiOjE3Nzg3NTM2Mjh9.H94LLx-V_EqU6FT3H9Jk0wddZRbtLc1g8IWV2GDz274
2026-05-14T10:01:29.877Z [INFO]: auth service loaded successfully
2026-05-14T10:01:29.922Z [INFO]: Server is starting
2026-05-14T10:01:31.606Z [INFO]: auth service loaded successfully
2026-05-14T10:01:31.646Z [INFO]: Server is starting
2026-05-14T10:01:33.911Z [INFO]: auth service loaded successfully
2026-05-14T10:01:33.957Z [INFO]: Server is starting
2026-05-14T10:01:44.049Z [INFO]: auth service loaded successfully
2026-05-14T10:01:44.089Z [INFO]: Server is starting
2026-05-14T10:01:45.100Z [INFO]: auth service loaded successfully
2026-05-14T10:01:45.142Z [INFO]: Server is starting
2026-05-14T10:01:47.802Z [INFO]: auth service loaded successfully
2026-05-14T10:01:47.848Z [INFO]: Server is starting
2026-05-14T10:01:55.615Z [INFO]: auth service loaded successfully
2026-05-14T10:01:55.773Z [INFO]: Server is starting
2026-05-14T10:04:05.101Z [INFO]: auth service loaded successfully
2026-05-14T10:04:05.141Z [INFO]: Server is starting
2026-05-14T10:04:09.476Z [INFO]: auth service loaded successfully
2026-05-14T10:04:09.515Z [INFO]: Server is starting
2026-05-14T10:04:21.016Z [INFO]: auth service loaded successfully
2026-05-14T10:04:21.057Z [INFO]: Server is starting
2026-05-14T10:04:24.369Z [INFO]: auth service loaded successfully
2026-05-14T10:04:24.410Z [INFO]: Server is starting
2026-05-14T10:05:00.295Z [INFO]: auth service loaded successfully
2026-05-14T10:05:00.336Z [INFO]: Server is starting
2026-05-14T10:07:03.554Z [INFO]: auth service loaded successfully
2026-05-14T10:07:03.593Z [INFO]: Server is starting
2026-05-14T10:07:06.269Z [INFO]: auth service loaded successfully
2026-05-14T10:07:06.309Z [INFO]: Server is starting
2026-05-14T10:07:08.558Z [INFO]: auth service loaded successfully
2026-05-14T10:07:08.601Z [INFO]: Server is starting
2026-05-14T10:07:16.132Z [INFO]: auth service loaded successfully
2026-05-14T10:07:16.170Z [INFO]: Server is starting
2026-05-14T10:21:43.653Z [INFO]: auth service loaded successfully
2026-05-14T10:21:43.693Z [INFO]: Server is starting
2026-05-14T10:21:53.664Z [INFO]: auth service loaded successfully
2026-05-14T10:21:53.703Z [INFO]: Server is starting
2026-05-14T10:26:24.046Z [INFO]: auth service loaded successfully
2026-05-14T10:26:24.088Z [INFO]: Server is starting
2026-05-14T10:26:55.754Z [INFO]: auth service loaded successfully
2026-05-14T10:26:55.798Z [INFO]: Server is starting
